0 info it worked if it ends with ok
1 verbose cli [ '/usr/local/bin/node', '/usr/local/bin/npm', 'install' ]
2 info using npm@3.10.3
3 info using node@v6.4.0
4 silly loadCurrentTree Starting
5 silly install loadCurrentTree
6 silly install readLocalPackageData
7 silly install normalizeTree
8 silly loadCurrentTree Finishing
9 silly loadIdealTree Starting
10 silly install loadIdealTree
11 silly cloneCurrentTree Starting
12 silly install cloneCurrentTreeToIdealTree
13 silly cloneCurrentTree Finishing
14 silly loadShrinkwrap Starting
15 silly install loadShrinkwrap
16 silly loadShrinkwrap Finishing
17 silly loadAllDepsIntoIdealTree Starting
18 silly install loadAllDepsIntoIdealTree
19 silly fetchNamedPackageData gulp-inline-source
20 silly mapToRegistry name gulp-inline-source
21 silly mapToRegistry using default registry
22 silly mapToRegistry registry https://registry.npmjs.org/
23 silly mapToRegistry data Result {
23 silly mapToRegistry   raw: 'gulp-inline-source',
23 silly mapToRegistry   scope: null,
23 silly mapToRegistry   escapedName: 'gulp-inline-source',
23 silly mapToRegistry   name: 'gulp-inline-source',
23 silly mapToRegistry   rawSpec: '',
23 silly mapToRegistry   spec: 'latest',
23 silly mapToRegistry   type: 'tag' }
24 silly mapToRegistry uri https://registry.npmjs.org/gulp-inline-source
25 verbose request uri https://registry.npmjs.org/gulp-inline-source
26 verbose request no auth needed
27 info attempt registry request try #1 at 9:31:42 PM
28 verbose request id 4f332ddeda6e5127
29 verbose etag "MC96W93UM63BYBI5OD7Z4L51"
30 http request GET https://registry.npmjs.org/gulp-inline-source
31 http 304 https://registry.npmjs.org/gulp-inline-source
32 verbose headers { date: 'Wed, 14 Sep 2016 20:31:43 GMT',
32 verbose headers   via: '1.1 varnish',
32 verbose headers   'cache-control': 'max-age=300',
32 verbose headers   etag: '"MC96W93UM63BYBI5OD7Z4L51"',
32 verbose headers   age: '0',
32 verbose headers   connection: 'keep-alive',
32 verbose headers   'x-served-by': 'cache-lhr6320-LHR',
32 verbose headers   'x-cache': 'MISS',
32 verbose headers   'x-cache-hits': '0',
32 verbose headers   'x-timer': 'S1473885103.104879,VS0,VE86',
32 verbose headers   vary: 'Accept-Encoding' }
33 silly get cb [ 304,
33 silly get   { date: 'Wed, 14 Sep 2016 20:31:43 GMT',
33 silly get     via: '1.1 varnish',
33 silly get     'cache-control': 'max-age=300',
33 silly get     etag: '"MC96W93UM63BYBI5OD7Z4L51"',
33 silly get     age: '0',
33 silly get     connection: 'keep-alive',
33 silly get     'x-served-by': 'cache-lhr6320-LHR',
33 silly get     'x-cache': 'MISS',
33 silly get     'x-cache-hits': '0',
33 silly get     'x-timer': 'S1473885103.104879,VS0,VE86',
33 silly get     vary: 'Accept-Encoding' } ]
34 verbose etag https://registry.npmjs.org/gulp-inline-source from cache
35 verbose get saving gulp-inline-source to /Users/amelvin/.npm/registry.npmjs.org/gulp-inline-source/.cache.json
36 verbose correctMkdir /Users/amelvin/.npm correctMkdir not in flight; initializing
37 silly fetchNamedPackageData No valid target from cache, forcing network
38 verbose request uri https://registry.npmjs.org/gulp-inline-source
39 verbose request no auth needed
40 info attempt registry request try #1 at 9:31:43 PM
41 http request GET https://registry.npmjs.org/gulp-inline-source
42 http 200 https://registry.npmjs.org/gulp-inline-source
43 verbose headers { server: 'CouchDB/1.5.0 (Erlang OTP/R16B03)',
43 verbose headers   etag: '"MC96W93UM63BYBI5OD7Z4L51"',
43 verbose headers   'content-type': 'application/json',
43 verbose headers   'content-encoding': 'gzip',
43 verbose headers   'cache-control': 'max-age=300',
43 verbose headers   'content-length': '3032',
43 verbose headers   'accept-ranges': 'bytes',
43 verbose headers   date: 'Wed, 14 Sep 2016 20:31:43 GMT',
43 verbose headers   via: '1.1 varnish',
43 verbose headers   age: '0',
43 verbose headers   connection: 'keep-alive',
43 verbose headers   'x-served-by': 'cache-lhr6320-LHR',
43 verbose headers   'x-cache': 'HIT',
43 verbose headers   'x-cache-hits': '1',
43 verbose headers   'x-timer': 'S1473885103.268283,VS0,VE0',
43 verbose headers   vary: 'Accept-Encoding' }
44 silly get cb [ 200,
44 silly get   { server: 'CouchDB/1.5.0 (Erlang OTP/R16B03)',
44 silly get     etag: '"MC96W93UM63BYBI5OD7Z4L51"',
44 silly get     'content-type': 'application/json',
44 silly get     'content-encoding': 'gzip',
44 silly get     'cache-control': 'max-age=300',
44 silly get     'content-length': '3032',
44 silly get     'accept-ranges': 'bytes',
44 silly get     date: 'Wed, 14 Sep 2016 20:31:43 GMT',
44 silly get     via: '1.1 varnish',
44 silly get     age: '0',
44 silly get     connection: 'keep-alive',
44 silly get     'x-served-by': 'cache-lhr6320-LHR',
44 silly get     'x-cache': 'HIT',
44 silly get     'x-cache-hits': '1',
44 silly get     'x-timer': 'S1473885103.268283,VS0,VE0',
44 silly get     vary: 'Accept-Encoding' } ]
45 verbose get saving gulp-inline-source to /Users/amelvin/.npm/registry.npmjs.org/gulp-inline-source/.cache.json
46 verbose correctMkdir /Users/amelvin/.npm correctMkdir not in flight; initializing
47 silly fetchPackageMetaData Error: No compatible version found: gulp-inline-source@^5.0.2
47 silly fetchPackageMetaData Valid install targets:
47 silly fetchPackageMetaData 3.0.0, 2.1.0, 2.0.0, 1.3.0, 1.2.0, 1.1.0, 1.0.1, 1.0.0, 0.0.3, 0.0.2, 0.0.1
47 silly fetchPackageMetaData
47 silly fetchPackageMetaData     at pickVersionFromRegistryDocument (/usr/local/lib/node_modules/npm/lib/fetch-package-metadata.js:170:16)
47 silly fetchPackageMetaData     at /usr/local/lib/node_modules/npm/node_modules/iferr/index.js:13:50
47 silly fetchPackageMetaData     at /usr/local/lib/node_modules/npm/lib/utils/pulse-till-done.js:20:8
47 silly fetchPackageMetaData     at saved (/usr/local/lib/node_modules/npm/lib/cache/caching-client.js:174:7)
47 silly fetchPackageMetaData     at /usr/local/lib/node_modules/npm/node_modules/graceful-fs/polyfills.js:210:7
47 silly fetchPackageMetaData     at FSReqWrap.oncomplete (fs.js:123:15)
47 silly fetchPackageMetaData  error for gulp-inline-source@^5.0.2 Error: No compatible version found: gulp-inline-source@^5.0.2
47 silly fetchPackageMetaData Valid install targets:
47 silly fetchPackageMetaData 3.0.0, 2.1.0, 2.0.0, 1.3.0, 1.2.0, 1.1.0, 1.0.1, 1.0.0, 0.0.3, 0.0.2, 0.0.1
47 silly fetchPackageMetaData
47 silly fetchPackageMetaData     at pickVersionFromRegistryDocument (/usr/local/lib/node_modules/npm/lib/fetch-package-metadata.js:170:16)
47 silly fetchPackageMetaData     at /usr/local/lib/node_modules/npm/node_modules/iferr/index.js:13:50
47 silly fetchPackageMetaData     at /usr/local/lib/node_modules/npm/lib/utils/pulse-till-done.js:20:8
47 silly fetchPackageMetaData     at saved (/usr/local/lib/node_modules/npm/lib/cache/caching-client.js:174:7)
47 silly fetchPackageMetaData     at /usr/local/lib/node_modules/npm/node_modules/graceful-fs/polyfills.js:210:7
47 silly fetchPackageMetaData     at FSReqWrap.oncomplete (fs.js:123:15)
48 silly rollbackFailedOptional Starting
49 silly rollbackFailedOptional Finishing
50 silly runTopLevelLifecycles Starting
51 silly runTopLevelLifecycles Finishing
52 silly install printInstalled
53 verbose stack Error: No compatible version found: gulp-inline-source@^5.0.2
53 verbose stack Valid install targets:
53 verbose stack 3.0.0, 2.1.0, 2.0.0, 1.3.0, 1.2.0, 1.1.0, 1.0.1, 1.0.0, 0.0.3, 0.0.2, 0.0.1
53 verbose stack
53 verbose stack     at pickVersionFromRegistryDocument (/usr/local/lib/node_modules/npm/lib/fetch-package-metadata.js:170:16)
53 verbose stack     at /usr/local/lib/node_modules/npm/node_modules/iferr/index.js:13:50
53 verbose stack     at /usr/local/lib/node_modules/npm/lib/utils/pulse-till-done.js:20:8
53 verbose stack     at saved (/usr/local/lib/node_modules/npm/lib/cache/caching-client.js:174:7)
53 verbose stack     at /usr/local/lib/node_modules/npm/node_modules/graceful-fs/polyfills.js:210:7
53 verbose stack     at FSReqWrap.oncomplete (fs.js:123:15)
54 verbose cwd /Users/amelvin/Documents/Arduino/libraries/Melvanimate/scripts
55 error Darwin 15.2.0
56 error argv "/usr/local/bin/node" "/usr/local/bin/npm" "install"
57 error node v6.4.0
58 error npm  v3.10.3
59 error No compatible version found: gulp-inline-source@^5.0.2
59 error Valid install targets:
59 error 3.0.0, 2.1.0, 2.0.0, 1.3.0, 1.2.0, 1.1.0, 1.0.1, 1.0.0, 0.0.3, 0.0.2, 0.0.1
60 error If you need help, you may report this error at:
60 error     <https://github.com/npm/npm/issues>
61 verbose exit [ 1, true ]
